<?xml version="1.0" encoding="UTF-8"?>
<testsuite xmlns:xsi="http://www.w3.org/2001/XMLSchema-instance" xsi:noNamespaceSchemaLocation="https://maven.apache.org/surefire/maven-surefire-plugin/xsd/surefire-test-report.xsd" name="com.group1.coursereview.controller.UserControllerTest" time="0.146" tests="23" errors="0" skipped="0" failures="0">
  <properties>
[...]
</properties>
  <testcase name="validatePassword_ShortPassword_ReturnsBadRequest" classname="com.group1.coursereview.controller.UserControllerTest" time="0.005"/>
  <testcase name="login_MissingPassword_ReturnsBadRequest" classname="com.group1.coursereview.controller.UserControllerTest" time="0"/>
  <testcase name="signup_EmailIsNull_ReturnsBadRequest" classname="com.group1.coursereview.controller.UserControllerTest" time="0"/>
  <testcase name="signup_NameIsNull_ReturnsBadRequest" classname="com.group1.coursereview.controller.UserControllerTest" time="0"/>
  <testcase name="login_ExistingUser_ValidCredentials_SuccessfulLogin" classname="com.group1.coursereview.controller.UserControllerTest" time="0.015"/>
  <testcase name="signup_EmailIsEmpty_ReturnsBadRequest" classname="com.group1.coursereview.controller.UserControllerTest" time="0.001"/>
  <testcase name="logout_ValidSession_LogsOutSuccessfully" classname="com.group1.coursereview.controller.UserControllerTest" time="0"/>
  <testcase name="signup_PasswordIsEmpty_ReturnsBadRequest" classname="com.group1.coursereview.controller.UserControllerTest" time="0"/>
  <testcase name="login_UserAlreadyLoggedIn_Conflict" classname="com.group1.coursereview.controller.UserControllerTest" time="0.001"/>
  <testcase name="signup_NameIsEmpty_ReturnsBadRequest" classname="com.group1.coursereview.controller.UserControllerTest" time="0.001"/>
  <testcase name="signup_PasswordIsNull_ReturnsBadRequest" classname="com.group1.coursereview.controller.UserControllerTest" time="0"/>
  <testcase name="signup_MissingPassword_ReturnsBadRequest" classname="com.group1.coursereview.controller.UserControllerTest" time="0"/>
  <testcase name="signup_ValidUserWithStudentId_ReturnsCreated" classname="com.group1.coursereview.controller.UserControllerTest" time="0"/>
  <testcase name="signup_NewUser_SuccessfulSignup" classname="com.group1.coursereview.controller.UserControllerTest" time="0.001"/>
  <testcase name="signup_SaveUserException_ReturnsInternalServerError" classname="com.group1.coursereview.controller.UserControllerTest" time="0.001"/>
  <testcase name="signup_StudentIdAlreadyExists_Conflict" classname="com.group1.coursereview.controller.UserControllerTest" time="0.001"/>
  <testcase name="login_ExistingUser_InvalidCredentials_Conflict" classname="com.group1.coursereview.controller.UserControllerTest" time="0.001"/>
  <testcase name="signup_MissingEmail_ReturnsBadRequest" classname="com.group1.coursereview.controller.UserControllerTest" time="0"/>
  <testcase name="signup_StudentIdAlreadyExists_ReturnsConflict" classname="com.group1.coursereview.controller.UserControllerTest" time="0"/>
  <testcase name="signup_EmailAlreadyExists_Conflict" classname="com.group1.coursereview.controller.UserControllerTest" time="0"/>
  <testcase name="login_ValidUser_ReturnsAccepted" classname="com.group1.coursereview.controller.UserControllerTest" time="0.001"/>
  <testcase name="login_MissingEmail_ReturnsBadRequest" classname="com.group1.coursereview.controller.UserControllerTest" time="0"/>
  <testcase name="login_NonexistentUser_NotFound" classname="com.group1.coursereview.controller.UserControllerTest" time="0"/>
</testsuite>